

Started GET "/" for ::1 at 2015-08-24 09:20:10 -0500

SyntaxError (/Users/myronjohnson/death_star/goat/app/controllers/pages_controller.rb:3: syntax error, unexpected '}', expecting =>
    render template: "pages/#{{params[:page]}}"
                                             ^
/Users/myronjohnson/death_star/goat/app/controllers/pages_controller.rb:3: unterminated string meets end of file):
  app/controllers/pages_controller.rb:3: syntax error, unexpected '}', expecting =>
  app/controllers/pages_controller.rb:3: unterminated string meets end of file


  Rendered /Library/Ruby/Gems/2.0.0/gems/actionpack-4.2.3/lib/action_dispatch/middleware/templates/rescues/_source.erb (3.4ms)
  Rendered /Library/Ruby/Gems/2.0.0/gems/actionpack-4.2.3/lib/action_dispatch/middleware/templates/rescues/_trace.html.erb (1.9ms)
  Rendered /Library/Ruby/Gems/2.0.0/gems/actionpack-4.2.3/lib/action_dispatch/middleware/templates/rescues/_request_and_response.html.erb (15.9ms)
  Rendered /Library/Ruby/Gems/2.0.0/gems/actionpack-4.2.3/lib/action_dispatch/middleware/templates/rescues/diagnostics.html.erb within rescues/layout (34.9ms)
  Rendered /Library/Ruby/Gems/2.0.0/gems/web-console-2.2.1/lib/web_console/templates/_markup.html.erb (0.4ms)
  Rendered /Library/Ruby/Gems/2.0.0/gems/web-console-2.2.1/lib/web_console/templates/_inner_console_markup.html.erb within layouts/inlined_string (0.3ms)
  Rendered /Library/Ruby/Gems/2.0.0/gems/web-console-2.2.1/lib/web_console/templates/_prompt_box_markup.html.erb within layouts/inlined_string (0.3ms)
  Rendered /Library/Ruby/Gems/2.0.0/gems/web-console-2.2.1/lib/web_console/templates/style.css.erb within layouts/inlined_string (0.3ms)
  Rendered /Library/Ruby/Gems/2.0.0/gems/web-console-2.2.1/lib/web_console/templates/console.js.erb within layouts/javascript (14.8ms)
  Rendered /Library/Ruby/Gems/2.0.0/gems/web-console-2.2.1/lib/web_console/templates/main.js.erb within layouts/javascript (0.2ms)
  Rendered /Library/Ruby/Gems/2.0.0/gems/web-console-2.2.1/lib/web_console/templates/error_page.js.erb within layouts/javascript (0.4ms)
  Rendered /Library/Ruby/Gems/2.0.0/gems/web-console-2.2.1/lib/web_console/templates/index.html.erb (36.7ms)


Started GET "/pages" for ::1 at 2015-08-24 09:20:18 -0500

ActionController::RoutingError (No route matches [GET] "/pages"):
  actionpack (4.2.3) lib/action_dispatch/middleware/debug_exceptions.rb:21:in `call'
  web-console (2.2.1) lib/web_console/middleware.rb:39:in `call'
  actionpack (4.2.3) lib/action_dispatch/middleware/show_exceptions.rb:30:in `call'
  railties (4.2.3) lib/rails/rack/logger.rb:38:in `call_app'
  railties (4.2.3) lib/rails/rack/logger.rb:20:in `block in call'
  activesupport (4.2.3) lib/active_support/tagged_logging.rb:68:in `block in tagged'
  activesupport (4.2.3) lib/active_support/tagged_logging.rb:26:in `tagged'
  activesupport (4.2.3) lib/active_support/tagged_logging.rb:68:in `tagged'
  railties (4.2.3) lib/rails/rack/logger.rb:20:in `call'
  actionpack (4.2.3) lib/action_dispatch/middleware/request_id.rb:21:in `call'
  rack (1.6.4) lib/rack/methodoverride.rb:22:in `call'
  rack (1.6.4) lib/rack/runtime.rb:18:in `call'
  activesupport (4.2.3) lib/active_support/cache/strategy/local_cache_middleware.rb:28:in `call'
  rack (1.6.4) lib/rack/lock.rb:17:in `call'
  actionpack (4.2.3) lib/action_dispatch/middleware/static.rb:116:in `call'
  rack (1.6.4) lib/rack/sendfile.rb:113:in `call'
  railties (4.2.3) lib/rails/engine.rb:518:in `call'
  railties (4.2.3) lib/rails/application.rb:165:in `call'
  rack (1.6.4) lib/rack/lock.rb:17:in `call'
  rack (1.6.4) lib/rack/content_length.rb:15:in `call'
  rack (1.6.4) lib/rack/handler/webrick.rb:88:in `service'
  /System/Library/Frameworks/Ruby.framework/Versions/2.0/usr/lib/ruby/2.0.0/webrick/httpserver.rb:138:in `service'
  /System/Library/Frameworks/Ruby.framework/Versions/2.0/usr/lib/ruby/2.0.0/webrick/httpserver.rb:94:in `run'
  /System/Library/Frameworks/Ruby.framework/Versions/2.0/usr/lib/ruby/2.0.0/webrick/server.rb:295:in `block in start_thread'


  Rendered /Library/Ruby/Gems/2.0.0/gems/actionpack-4.2.3/lib/action_dispatch/middleware/templates/rescues/_trace.html.erb (1.1ms)
  Rendered /Library/Ruby/Gems/2.0.0/gems/actionpack-4.2.3/lib/action_dispatch/middleware/templates/routes/_route.html.erb (0.7ms)
  Rendered /Library/Ruby/Gems/2.0.0/gems/actionpack-4.2.3/lib/action_dispatch/middleware/templates/routes/_table.html.erb (7.5ms)
  Rendered /Library/Ruby/Gems/2.0.0/gems/actionpack-4.2.3/lib/action_dispatch/middleware/templates/rescues/_request_and_response.html.erb (1.1ms)
  Rendered /Library/Ruby/Gems/2.0.0/gems/actionpack-4.2.3/lib/action_dispatch/middleware/templates/rescues/routing_error.html.erb within rescues/layout (27.7ms)
  Rendered /Library/Ruby/Gems/2.0.0/gems/web-console-2.2.1/lib/web_console/templates/_markup.html.erb (0.4ms)
  Rendered /Library/Ruby/Gems/2.0.0/gems/web-console-2.2.1/lib/web_console/templates/_inner_console_markup.html.erb within layouts/inlined_string (0.2ms)
  Rendered /Library/Ruby/Gems/2.0.0/gems/web-console-2.2.1/lib/web_console/templates/_prompt_box_markup.html.erb within layouts/inlined_string (0.2ms)
  Rendered /Library/Ruby/Gems/2.0.0/gems/web-console-2.2.1/lib/web_console/templates/style.css.erb within layouts/inlined_string (0.2ms)
  Rendered /Library/Ruby/Gems/2.0.0/gems/web-console-2.2.1/lib/web_console/templates/console.js.erb within layouts/javascript (9.9ms)
  Rendered /Library/Ruby/Gems/2.0.0/gems/web-console-2.2.1/lib/web_console/templates/main.js.erb within layouts/javascript (0.2ms)
  Rendered /Library/Ruby/Gems/2.0.0/gems/web-console-2.2.1/lib/web_console/templates/error_page.js.erb within layouts/javascript (28.7ms)
  Rendered /Library/Ruby/Gems/2.0.0/gems/web-console-2.2.1/lib/web_console/templates/index.html.erb (52.3ms)


Started GET "/pages" for ::1 at 2015-08-24 09:20:48 -0500

ActionController::RoutingError (No route matches [GET] "/pages"):
  actionpack (4.2.3) lib/action_dispatch/middleware/debug_exceptions.rb:21:in `call'
  web-console (2.2.1) lib/web_console/middleware.rb:39:in `call'
  actionpack (4.2.3) lib/action_dispatch/middleware/show_exceptions.rb:30:in `call'
  railties (4.2.3) lib/rails/rack/logger.rb:38:in `call_app'
  railties (4.2.3) lib/rails/rack/logger.rb:20:in `block in call'
  activesupport (4.2.3) lib/active_support/tagged_logging.rb:68:in `block in tagged'
  activesupport (4.2.3) lib/active_support/tagged_logging.rb:26:in `tagged'
  activesupport (4.2.3) lib/active_support/tagged_logging.rb:68:in `tagged'
  railties (4.2.3) lib/rails/rack/logger.rb:20:in `call'
  actionpack (4.2.3) lib/action_dispatch/middleware/request_id.rb:21:in `call'
  rack (1.6.4) lib/rack/methodoverride.rb:22:in `call'
  rack (1.6.4) lib/rack/runtime.rb:18:in `call'
  activesupport (4.2.3) lib/active_support/cache/strategy/local_cache_middleware.rb:28:in `call'
  rack (1.6.4) lib/rack/lock.rb:17:in `call'
  actionpack (4.2.3) lib/action_dispatch/middleware/static.rb:116:in `call'
  rack (1.6.4) lib/rack/sendfile.rb:113:in `call'
  railties (4.2.3) lib/rails/engine.rb:518:in `call'
  railties (4.2.3) lib/rails/application.rb:165:in `call'
  rack (1.6.4) lib/rack/lock.rb:17:in `call'
  rack (1.6.4) lib/rack/content_length.rb:15:in `call'
  rack (1.6.4) lib/rack/handler/webrick.rb:88:in `service'
  /System/Library/Frameworks/Ruby.framework/Versions/2.0/usr/lib/ruby/2.0.0/webrick/httpserver.rb:138:in `service'
  /System/Library/Frameworks/Ruby.framework/Versions/2.0/usr/lib/ruby/2.0.0/webrick/httpserver.rb:94:in `run'
  /System/Library/Frameworks/Ruby.framework/Versions/2.0/usr/lib/ruby/2.0.0/webrick/server.rb:295:in `block in start_thread'


  Rendered /Library/Ruby/Gems/2.0.0/gems/actionpack-4.2.3/lib/action_dispatch/middleware/templates/rescues/_trace.html.erb (0.9ms)
  Rendered /Library/Ruby/Gems/2.0.0/gems/actionpack-4.2.3/lib/action_dispatch/middleware/templates/routes/_route.html.erb (0.5ms)
  Rendered /Library/Ruby/Gems/2.0.0/gems/actionpack-4.2.3/lib/action_dispatch/middleware/templates/routes/_table.html.erb (3.6ms)
  Rendered /Library/Ruby/Gems/2.0.0/gems/actionpack-4.2.3/lib/action_dispatch/middleware/templates/rescues/_request_and_response.html.erb (16.0ms)
  Rendered /Library/Ruby/Gems/2.0.0/gems/actionpack-4.2.3/lib/action_dispatch/middleware/templates/rescues/routing_error.html.erb within rescues/layout (34.0ms)
  Rendered /Library/Ruby/Gems/2.0.0/gems/web-console-2.2.1/lib/web_console/templates/_markup.html.erb (0.3ms)
  Rendered /Library/Ruby/Gems/2.0.0/gems/web-console-2.2.1/lib/web_console/templates/_inner_console_markup.html.erb within layouts/inlined_string (0.5ms)
  Rendered /Library/Ruby/Gems/2.0.0/gems/web-console-2.2.1/lib/web_console/templates/_prompt_box_markup.html.erb within layouts/inlined_string (0.3ms)
  Rendered /Library/Ruby/Gems/2.0.0/gems/web-console-2.2.1/lib/web_console/templates/style.css.erb within layouts/inlined_string (0.2ms)
  Rendered /Library/Ruby/Gems/2.0.0/gems/web-console-2.2.1/lib/web_console/templates/console.js.erb within layouts/javascript (41.6ms)
  Rendered /Library/Ruby/Gems/2.0.0/gems/web-console-2.2.1/lib/web_console/templates/main.js.erb within layouts/javascript (0.2ms)
  Rendered /Library/Ruby/Gems/2.0.0/gems/web-console-2.2.1/lib/web_console/templates/error_page.js.erb within layouts/javascript (0.3ms)
  Rendered /Library/Ruby/Gems/2.0.0/gems/web-console-2.2.1/lib/web_console/templates/index.html.erb (53.1ms)


Started GET "/" for ::1 at 2015-08-24 09:20:52 -0500
Processing by PagesController#show as HTML
  Parameters: {"page"=>"index"}
  Rendered pages/index.html.erb within layouts/application (0.2ms)
Completed 200 OK in 1425ms (Views: 1424.6ms | ActiveRecord: 0.0ms)


Started GET "/assets/pages.self-705e9940bc22c277affa21ed096dd740d80dbecb2017b40d6d54ec8fefe0a124.css?body=1" for ::1 at 2015-08-24 09:20:53 -0500


Started GET "/assets/application.self-e80e8f2318043e8af94dddc2adad5a4f09739a8ebb323b3ab31cd71d45fd9113.css?body=1" for ::1 at 2015-08-24 09:20:53 -0500


Started GET "/assets/jquery.self-d03a5518f45df77341bdbe6201ba3bfa547ebba8ed64f0ea56bfa5f96ea7c074.js?body=1" for ::1 at 2015-08-24 09:20:53 -0500


Started GET "/assets/jquery_ujs.self-ca5248a2fad13d6bd58ea121318d642f195f0b2dd818b30615f785ff365e8d1f.js?body=1" for ::1 at 2015-08-24 09:20:53 -0500


Started GET "/assets/turbolinks.self-c37727e9bd6b2735da5c311aa83fead54ed0be6cc8bd9a65309e9c5abe2cbfff.js?body=1" for ::1 at 2015-08-24 09:20:53 -0500


Started GET "/assets/pages.self-877aef30ae1b040ab8a3aba4e3e309a11d7f2612f44dde450b5c157aa5f95c05.js?body=1" for ::1 at 2015-08-24 09:20:53 -0500


Started GET "/assets/application.self-3b8dabdc891efe46b9a144b400ad69e37d7e5876bdc39dee783419a69d7ca819.js?body=1" for ::1 at 2015-08-24 09:20:53 -0500
